<?xml version="1.0" encoding="UTF-8"?>
<testsuite xmlns:xsi="http://www.w3.org/2001/XMLSchema-instance" xsi:noNamespaceSchemaLocation="https://maven.apache.org/surefire/maven-surefire-plugin/xsd/surefire-test-report.xsd" version="3.0.2" name="com.personal.calculateTaxes.commands.CalculatorCommandsTest" time="1.865" tests="5" errors="0" skipped="0" failures="0">
  <properties>
[...]
</properties>
  <testcase name="should_throw_FileNotFoundException_when_invalid_file" classname="com.personal.calculateTaxes.commands.CalculatorCommandsTest" time="1.713"/>
  <testcase name="should_throw_JsonProcessingException_when_invalid_file" classname="com.personal.calculateTaxes.commands.CalculatorCommandsTest" time="0.035"/>
  <testcase name="should_throw_JsonProcessingException_when_invalid_line" classname="com.personal.calculateTaxes.commands.CalculatorCommandsTest" time="0.012"/>
  <testcase name="should_return_json_when_valid_file" classname="com.personal.calculateTaxes.commands.CalculatorCommandsTest" time="0.026"/>
  <testcase name="should_return_json_when_valid_line" classname="com.personal.calculateTaxes.commands.CalculatorCommandsTest" time="0.005"/>
</testsuite>